2018-11-28 18:19:22,045 INFO  [LoginPage] LoginPage constructor is invoked 
2018-11-28 18:19:22,311 INFO  [LoginPage] username is set:Admin 
2018-11-28 18:19:22,524 INFO  [LoginPage] password is set:admin123 
2018-11-28 18:19:23,564 INFO  [LoginPage] button is clicked 
2018-11-28 18:19:28,498 INFO  [LoginPage] LoginPage constructor is invoked 
2018-11-28 18:19:28,710 INFO  [LoginPage] username is set:aaa 
2018-11-28 18:19:28,859 INFO  [LoginPage] password is set:asd 
2018-11-28 18:19:29,407 INFO  [LoginPage] button is clicked 
2018-11-28 18:19:29,486 INFO  [LoginPage] Error Message is printed:Invalid credentials 
2018-11-28 18:23:37,717 INFO  [LoginPage] LoginPage constructor is invoked 
2018-11-28 18:23:37,886 INFO  [LoginPage] username is set:Admin 
2018-11-28 18:23:38,040 INFO  [LoginPage] password is set:admin123 
2018-11-28 18:23:39,255 INFO  [LoginPage] button is clicked 
2018-11-28 18:23:46,007 INFO  [LoginPage] LoginPage constructor is invoked 
2018-11-28 18:23:46,208 INFO  [LoginPage] username is set:aaa 
2018-11-28 18:23:46,357 INFO  [LoginPage] password is set:asd 
2018-11-28 18:23:46,911 INFO  [LoginPage] button is clicked 
2018-11-28 18:23:46,985 INFO  [LoginPage] Error Message is printed:Invalid credentials 
2018-11-28 18:27:57,535 INFO  [LoginPage] LoginPage constructor is invoked 
2018-11-28 18:27:57,777 INFO  [LoginPage] username is set:Admin 
2018-11-28 18:27:57,908 INFO  [LoginPage] password is set:admin123 
2018-11-28 18:28:03,906 INFO  [LoginPage] button is clicked 
2018-11-28 18:28:10,519 INFO  [LoginPage] LoginPage constructor is invoked 
2018-11-28 18:28:10,742 INFO  [LoginPage] username is set:aaa 
2018-11-28 18:28:10,887 INFO  [LoginPage] password is set:asd 
2018-11-28 18:28:11,224 INFO  [LoginPage] button is clicked 
2018-11-28 18:28:11,284 INFO  [LoginPage] Error Message is printed:Invalid credentials 
2018-11-28 19:38:09,196 INFO  [LoginPage] LoginPage constructor is invoked 
2018-11-28 19:38:09,351 INFO  [LoginPage] username is set:Admin 
2018-11-28 19:38:09,482 INFO  [LoginPage] password is set:admin123 
2018-11-28 19:38:10,655 INFO  [LoginPage] button is clicked 
2018-11-28 19:38:16,770 INFO  [LoginPage] LoginPage constructor is invoked 
2018-11-28 19:38:16,972 INFO  [LoginPage] username is set:aaa 
2018-11-28 19:38:17,090 INFO  [LoginPage] password is set:asd 
2018-11-28 19:38:17,371 INFO  [LoginPage] button is clicked 
2018-11-28 19:38:17,425 INFO  [LoginPage] Error Message is printed:Invalid credentials 
2018-11-28 21:09:20,369 INFO  [LoginPage] LoginPage constructor is invoked 
2018-11-28 21:09:20,519 INFO  [LoginPage] username is set:Admin 
2018-11-28 21:09:20,659 INFO  [LoginPage] password is set:admin123 
2018-11-28 21:09:21,682 INFO  [LoginPage] button is clicked 
2018-11-28 21:09:28,496 INFO  [LoginPage] LoginPage constructor is invoked 
2018-11-28 21:09:28,844 INFO  [LoginPage] username is set:aaa 
2018-11-28 21:09:28,957 INFO  [LoginPage] password is set:asd 
2018-11-28 21:09:34,268 INFO  [LoginPage] button is clicked 
2018-11-28 21:09:34,317 INFO  [LoginPage] Error Message is printed:Invalid credentials 
2018-11-28 21:10:09,745 INFO  [LoginPage] LoginPage constructor is invoked 
2018-11-28 21:10:09,911 INFO  [LoginPage] username is set:Admin 
2018-11-28 21:10:10,052 INFO  [LoginPage] password is set:admin123 
2018-11-28 21:10:11,251 INFO  [LoginPage] button is clicked 
2018-11-28 21:10:18,382 INFO  [LoginPage] LoginPage constructor is invoked 
2018-11-28 21:10:18,556 INFO  [LoginPage] username is set:aaa 
2018-11-28 21:10:18,717 INFO  [LoginPage] password is set:asd 
2018-11-28 21:10:19,037 INFO  [LoginPage] button is clicked 
2018-11-28 21:10:19,088 INFO  [LoginPage] Error Message is printed:Invalid credentials 
2018-11-28 21:17:29,578 INFO  [LoginPage] LoginPage constructor is invoked 
2018-11-28 21:17:29,727 INFO  [LoginPage] username is set:Admin 
2018-11-28 21:17:29,860 INFO  [LoginPage] password is set:admin123 
2018-11-28 21:17:30,892 INFO  [LoginPage] button is clicked 
2018-11-28 21:17:37,325 INFO  [LoginPage] LoginPage constructor is invoked 
2018-11-28 21:17:37,502 INFO  [LoginPage] username is set:aaa 
2018-11-28 21:17:37,614 INFO  [LoginPage] password is set:asd 
2018-11-28 21:17:37,930 INFO  [LoginPage] button is clicked 
2018-11-28 21:17:37,988 INFO  [LoginPage] Error Message is printed:Invalid credentials 
2018-11-28 21:25:23,614 INFO  [LoginPage] LoginPage constructor is invoked 
2018-11-28 21:25:23,762 INFO  [LoginPage] username is set:Admin 
2018-11-28 21:25:23,907 INFO  [LoginPage] password is set:admin123 
2018-11-28 21:25:24,973 INFO  [LoginPage] button is clicked 
2018-11-28 21:25:31,771 INFO  [LoginPage] LoginPage constructor is invoked 
2018-11-28 21:25:31,941 INFO  [LoginPage] username is set:aaa 
2018-11-28 21:25:32,060 INFO  [LoginPage] password is set:asd 
2018-11-28 21:25:32,339 INFO  [LoginPage] button is clicked 
2018-11-28 21:25:32,390 INFO  [LoginPage] Error Message is printed:Invalid credentials 
2018-11-28 21:42:19,445 INFO  [LoginPage] LoginPage constructor is invoked 
2018-11-28 21:42:19,616 INFO  [LoginPage] username is set:Admin 
2018-11-28 21:42:19,769 INFO  [LoginPage] password is set:admin123 
2018-11-28 21:42:26,307 INFO  [LoginPage] button is clicked 
2018-11-28 21:42:33,973 INFO  [LoginPage] LoginPage constructor is invoked 
2018-11-28 21:42:34,105 INFO  [LoginPage] username is set:aaa 
2018-11-28 21:42:34,229 INFO  [LoginPage] password is set:asd 
2018-11-28 21:42:34,577 INFO  [LoginPage] button is clicked 
2018-11-28 21:42:34,625 INFO  [LoginPage] Error Message is printed:Invalid credentials 
2018-11-28 21:47:27,379 INFO  [LoginPage] LoginPage constructor is invoked 
2018-11-28 21:47:27,569 INFO  [LoginPage] username is set:Admin 
2018-11-28 21:47:27,765 INFO  [LoginPage] password is set:admin123 
2018-11-28 21:47:28,817 INFO  [LoginPage] button is clicked 
2018-11-28 21:47:34,316 INFO  [LoginPage] LoginPage constructor is invoked 
2018-11-28 21:47:34,502 INFO  [LoginPage] username is set:aaa 
2018-11-28 21:47:34,614 INFO  [LoginPage] password is set:asd 
2018-11-28 21:47:34,887 INFO  [LoginPage] button is clicked 
2018-11-28 21:47:34,957 INFO  [LoginPage] Error Message is printed:Invalid credentials 
2018-11-29 11:03:22,409 INFO  [LoginPage] LoginPage constructor is invoked 
2018-11-29 11:03:22,618 INFO  [LoginPage] username is set:Admin 
2018-11-29 11:03:22,789 INFO  [LoginPage] password is set:admin123 
2018-11-29 11:03:24,957 INFO  [LoginPage] button is clicked 
2018-11-29 11:03:30,740 INFO  [LoginPage] LoginPage constructor is invoked 
2018-11-29 11:03:30,976 INFO  [LoginPage] username is set:aaa 
2018-11-29 11:03:31,131 INFO  [LoginPage] password is set:asd 
2018-11-29 11:03:31,506 INFO  [LoginPage] button is clicked 
2018-11-29 11:03:31,579 INFO  [LoginPage] Error Message is printed:Invalid credentials 
2018-11-29 11:03:36,876 INFO  [LoginPage] LoginPage constructor is invoked 
2018-11-29 11:03:37,162 INFO  [LoginPage] username is set:Admin 
2018-11-29 11:03:37,329 INFO  [LoginPage] password is set: 
2018-11-29 11:03:37,428 INFO  [LoginPage] button is clicked 
2018-11-29 11:03:37,489 INFO  [LoginPage] Error Message is printed:Password cannot be empty 
2018-11-29 11:03:43,663 INFO  [LoginPage] LoginPage constructor is invoked 
2018-11-29 11:03:43,890 INFO  [LoginPage] username is set: 
2018-11-29 11:03:44,027 INFO  [LoginPage] button is clicked 
2018-11-29 11:03:44,096 INFO  [LoginPage] Error Message is printed:Username cannot be empty 
2018-11-29 11:08:08,192 INFO  [LoginPage] LoginPage constructor is invoked 
2018-11-29 11:08:08,399 INFO  [LoginPage] username is set:Admin 
2018-11-29 11:08:08,629 INFO  [LoginPage] password is set:admin123 
2018-11-29 11:08:09,842 INFO  [LoginPage] button is clicked 
2018-11-29 11:08:16,478 INFO  [LoginPage] LoginPage constructor is invoked 
2018-11-29 11:08:16,748 INFO  [LoginPage] username is set:aaa 
2018-11-29 11:08:16,908 INFO  [LoginPage] password is set:asd 
2018-11-29 11:08:17,327 INFO  [LoginPage] button is clicked 
2018-11-29 11:08:17,416 INFO  [LoginPage] Error Message is printed:Invalid credentials 
2018-11-29 11:08:23,010 INFO  [LoginPage] LoginPage constructor is invoked 
2018-11-29 11:08:23,265 INFO  [LoginPage] username is set:Admin 
2018-11-29 11:08:23,407 INFO  [LoginPage] password is set: 
2018-11-29 11:08:23,493 INFO  [LoginPage] button is clicked 
2018-11-29 11:08:23,581 INFO  [LoginPage] Error Message is printed:Password cannot be empty 
2018-11-29 11:08:29,110 INFO  [LoginPage] LoginPage constructor is invoked 
2018-11-29 11:08:29,315 INFO  [LoginPage] username is set: 
2018-11-29 11:08:29,415 INFO  [LoginPage] button is clicked 
2018-11-29 11:08:29,475 INFO  [LoginPage] Error Message is printed:Username cannot be empty 
2018-11-29 11:13:26,000 INFO  [LoginPage] LoginPage constructor is invoked 
2018-11-29 11:13:26,231 INFO  [LoginPage] username is set:Admin 
2018-11-29 11:13:26,408 INFO  [LoginPage] password is set:admin123 
2018-11-29 11:13:27,590 INFO  [LoginPage] button is clicked 
2018-12-03 10:42:48,079 INFO  [ListenerTest] ----Suite Started---Suite 
2018-12-03 10:42:55,228 INFO  [ListenerTest] ---Test method Started---ValidLogin 
2018-12-03 10:42:55,241 INFO  [ListenerTest] ---Test method Started---ValidLogin 
2018-12-03 10:42:55,347 INFO  [LoginPage] LoginPage constructor is invoked 
2018-12-03 10:42:55,645 INFO  [LoginPage] username is set:Admin 
2018-12-03 10:42:55,825 INFO  [LoginPage] password is set:admin123 
2018-12-03 10:42:56,941 INFO  [LoginPage] button is clicked 
2018-12-03 10:42:57,485 INFO  [ListenerTest] ---Test method Success---ValidLogin 
2018-12-03 10:42:58,046 INFO  [ListenerTest] C:\Users\R.computers\orangehrm1\Screenshots\passed\ValidLogin-2018-12-03-10-42-57.png 
2018-12-03 10:42:58,048 INFO  [ListenerTest] ---Test method Success---ValidLogin 
2018-12-03 10:42:58,519 INFO  [ListenerTest] C:\Users\R.computers\orangehrm1\Screenshots\passed\ValidLogin-2018-12-03-10-42-58.png 
2018-12-03 10:43:03,758 INFO  [ListenerTest] ---Test method Started---InValidLogin1 
2018-12-03 10:43:03,760 INFO  [ListenerTest] ---Test method Started---InValidLogin1 
2018-12-03 10:43:03,761 INFO  [LoginPage] LoginPage constructor is invoked 
2018-12-03 10:43:04,042 INFO  [LoginPage] username is set:aaa 
2018-12-03 10:43:04,235 INFO  [LoginPage] password is set:asd 
2018-12-03 10:43:04,614 INFO  [LoginPage] button is clicked 
2018-12-03 10:43:04,718 INFO  [LoginPage] Error Message is printed:Invalid credentials 
2018-12-03 10:43:04,758 INFO  [ListenerTest] ---Test method Success---InValidLogin1 
2018-12-03 10:43:05,200 INFO  [ListenerTest] C:\Users\R.computers\orangehrm1\Screenshots\passed\InValidLogin1-2018-12-03-10-43-05.png 
2018-12-03 10:43:05,202 INFO  [ListenerTest] ---Test method Success---InValidLogin1 
2018-12-03 10:43:05,626 INFO  [ListenerTest] C:\Users\R.computers\orangehrm1\Screenshots\passed\InValidLogin1-2018-12-03-10-43-05.png 
2018-12-03 10:43:10,751 INFO  [ListenerTest] ---Test method Started---PasswordEmpty 
2018-12-03 10:43:10,754 INFO  [ListenerTest] ---Test method Started---PasswordEmpty 
2018-12-03 10:43:10,755 INFO  [LoginPage] LoginPage constructor is invoked 
2018-12-03 10:43:11,042 INFO  [LoginPage] username is set:Admin 
2018-12-03 10:43:11,199 INFO  [LoginPage] password is set: 
2018-12-03 10:43:11,326 INFO  [LoginPage] button is clicked 
2018-12-03 10:43:11,412 INFO  [LoginPage] Error Message is printed:Password cannot be empty 
2018-12-03 10:43:11,467 INFO  [ListenerTest] ---Test method Success---PasswordEmpty 
2018-12-03 10:43:11,888 INFO  [ListenerTest] C:\Users\R.computers\orangehrm1\Screenshots\passed\PasswordEmpty-2018-12-03-10-43-11.png 
2018-12-03 10:43:11,889 INFO  [ListenerTest] ---Test method Success---PasswordEmpty 
2018-12-03 10:43:12,431 INFO  [ListenerTest] C:\Users\R.computers\orangehrm1\Screenshots\passed\PasswordEmpty-2018-12-03-10-43-12.png 
2018-12-03 10:43:19,611 INFO  [ListenerTest] ---Test method Started---UserNameEmpty 
2018-12-03 10:43:19,612 INFO  [ListenerTest] ---Test method Started---UserNameEmpty 
2018-12-03 10:43:19,614 INFO  [LoginPage] LoginPage constructor is invoked 
2018-12-03 10:43:19,871 INFO  [LoginPage] username is set: 
2018-12-03 10:43:20,065 INFO  [LoginPage] button is clicked 
2018-12-03 10:43:20,142 INFO  [LoginPage] Error Message is printed:Username cannot be empty 
2018-12-03 10:43:20,176 INFO  [ListenerTest] ---Test method Success---UserNameEmpty 
2018-12-03 10:43:21,092 INFO  [ListenerTest] C:\Users\R.computers\orangehrm1\Screenshots\passed\UserNameEmpty-2018-12-03-10-43-21.png 
2018-12-03 10:43:21,097 INFO  [ListenerTest] ---Test method Success---UserNameEmpty 
2018-12-03 10:43:21,557 INFO  [ListenerTest] C:\Users\R.computers\orangehrm1\Screenshots\passed\UserNameEmpty-2018-12-03-10-43-21.png 
2018-12-03 10:43:21,997 INFO  [ListenerTest] ---Suite completed-----Suite 
2018-12-03 10:43:56,336 INFO  [ListenerTest] ----Suite Started---Suite 
2018-12-03 10:44:00,257 INFO  [TestBase] chrome Browser is invoked 
2018-12-03 10:44:02,464 INFO  [ListenerTest] ---Test method Started---ValidLogin 
2018-12-03 10:44:02,474 INFO  [ListenerTest] ---Test method Started---ValidLogin 
2018-12-03 10:44:02,527 INFO  [LoginPage] LoginPage constructor is invoked 
2018-12-03 10:44:02,818 INFO  [LoginPage] username is set:Admin 
2018-12-03 10:44:03,002 INFO  [LoginPage] password is set:admin123 
2018-12-03 10:44:04,270 INFO  [LoginPage] button is clicked 
2018-12-03 10:44:04,778 INFO  [ListenerTest] ---Test method Success---ValidLogin 
2018-12-03 10:44:05,222 INFO  [ListenerTest] C:\Users\R.computers\orangehrm1\Screenshots\passed\ValidLogin-2018-12-03-10-44-05.png 
2018-12-03 10:44:05,227 INFO  [ListenerTest] ---Test method Success---ValidLogin 
2018-12-03 10:44:05,646 INFO  [ListenerTest] C:\Users\R.computers\orangehrm1\Screenshots\passed\ValidLogin-2018-12-03-10-44-05.png 
2018-12-03 10:44:06,076 INFO  [TestBase] Driver is closed 
2018-12-03 10:44:08,631 INFO  [TestBase] chrome Browser is invoked 
2018-12-03 10:44:10,774 INFO  [ListenerTest] ---Test method Started---InValidLogin1 
2018-12-03 10:44:10,776 INFO  [ListenerTest] ---Test method Started---InValidLogin1 
2018-12-03 10:44:10,778 INFO  [LoginPage] LoginPage constructor is invoked 
2018-12-03 10:44:11,075 INFO  [LoginPage] username is set:aaa 
2018-12-03 10:44:11,259 INFO  [LoginPage] password is set:asd 
2018-12-03 10:44:11,620 INFO  [LoginPage] button is clicked 
2018-12-03 10:44:11,702 INFO  [LoginPage] Error Message is printed:Invalid credentials 
2018-12-03 10:44:11,726 INFO  [ListenerTest] ---Test method Success---InValidLogin1 
2018-12-03 10:44:12,149 INFO  [ListenerTest] C:\Users\R.computers\orangehrm1\Screenshots\passed\InValidLogin1-2018-12-03-10-44-12.png 
2018-12-03 10:44:12,151 INFO  [ListenerTest] ---Test method Success---InValidLogin1 
2018-12-03 10:44:12,581 INFO  [ListenerTest] C:\Users\R.computers\orangehrm1\Screenshots\passed\InValidLogin1-2018-12-03-10-44-12.png 
2018-12-03 10:44:13,048 INFO  [TestBase] Driver is closed 
2018-12-03 10:44:15,679 INFO  [TestBase] chrome Browser is invoked 
2018-12-03 10:44:17,750 INFO  [ListenerTest] ---Test method Started---PasswordEmpty 
2018-12-03 10:44:17,752 INFO  [ListenerTest] ---Test method Started---PasswordEmpty 
2018-12-03 10:44:17,752 INFO  [LoginPage] LoginPage constructor is invoked 
2018-12-03 10:44:18,054 INFO  [LoginPage] username is set:Admin 
2018-12-03 10:44:18,217 INFO  [LoginPage] password is set: 
2018-12-03 10:44:18,311 INFO  [LoginPage] button is clicked 
2018-12-03 10:44:18,385 INFO  [LoginPage] Error Message is printed:Password cannot be empty 
2018-12-03 10:44:18,412 INFO  [ListenerTest] ---Test method Success---PasswordEmpty 
2018-12-03 10:44:18,832 INFO  [ListenerTest] C:\Users\R.computers\orangehrm1\Screenshots\passed\PasswordEmpty-2018-12-03-10-44-18.png 
2018-12-03 10:44:18,835 INFO  [ListenerTest] ---Test method Success---PasswordEmpty 
2018-12-03 10:44:19,322 INFO  [ListenerTest] C:\Users\R.computers\orangehrm1\Screenshots\passed\PasswordEmpty-2018-12-03-10-44-19.png 
2018-12-03 10:44:19,937 INFO  [TestBase] Driver is closed 
2018-12-03 10:44:22,442 INFO  [TestBase] chrome Browser is invoked 
2018-12-03 10:44:24,598 INFO  [ListenerTest] ---Test method Started---UserNameEmpty 
2018-12-03 10:44:24,600 INFO  [ListenerTest] ---Test method Started---UserNameEmpty 
2018-12-03 10:44:24,602 INFO  [LoginPage] LoginPage constructor is invoked 
2018-12-03 10:44:24,856 INFO  [LoginPage] username is set: 
2018-12-03 10:44:24,970 INFO  [LoginPage] button is clicked 
2018-12-03 10:44:25,048 INFO  [LoginPage] Error Message is printed:Username cannot be empty 
2018-12-03 10:44:25,084 INFO  [ListenerTest] ---Test method Success---UserNameEmpty 
2018-12-03 10:44:25,548 INFO  [ListenerTest] C:\Users\R.computers\orangehrm1\Screenshots\passed\UserNameEmpty-2018-12-03-10-44-25.png 
2018-12-03 10:44:25,550 INFO  [ListenerTest] ---Test method Success---UserNameEmpty 
2018-12-03 10:44:25,961 INFO  [ListenerTest] C:\Users\R.computers\orangehrm1\Screenshots\passed\UserNameEmpty-2018-12-03-10-44-25.png 
2018-12-03 10:44:26,398 INFO  [TestBase] Driver is closed 
2018-12-03 10:44:26,461 INFO  [ListenerTest] ---Suite completed-----Suite 
2018-12-03 10:50:46,301 INFO  [ListenerTest] ----Suite Started---Suite 
2018-12-03 10:50:50,317 INFO  [TestBase] chrome Browser is invoked 
2018-12-03 10:50:52,473 INFO  [ListenerTest] ---Test method Started---ValidLogin 
2018-12-03 10:50:52,487 INFO  [ListenerTest] ---Test method Started---ValidLogin 
2018-12-03 10:50:52,606 INFO  [LoginPage] LoginPage constructor is invoked 
2018-12-03 10:50:52,993 INFO  [LoginPage] username is set:Admin 
2018-12-03 10:50:53,258 INFO  [LoginPage] password is set:admin123 
2018-12-03 10:50:54,928 INFO  [LoginPage] button is clicked 
2018-12-03 10:50:55,493 INFO  [ListenerTest] ---Test method Success---ValidLogin 
2018-12-03 10:50:55,968 INFO  [ListenerTest] C:\Users\R.computers\orangehrm1\Screenshots\passed\ValidLogin-2018-12-03-10-50-55.png 
2018-12-03 10:50:55,970 INFO  [ListenerTest] ---Test method Success---ValidLogin 
2018-12-03 10:50:56,425 INFO  [ListenerTest] C:\Users\R.computers\orangehrm1\Screenshots\passed\ValidLogin-2018-12-03-10-50-56.png 
2018-12-03 10:50:56,932 INFO  [TestBase] Driver is closed 
2018-12-03 10:50:59,609 INFO  [TestBase] chrome Browser is invoked 
2018-12-03 10:51:01,790 INFO  [ListenerTest] ---Test method Started---InValidLogin1 
2018-12-03 10:51:01,794 INFO  [ListenerTest] ---Test method Started---InValidLogin1 
2018-12-03 10:51:01,797 INFO  [LoginPage] LoginPage constructor is invoked 
2018-12-03 10:51:02,094 INFO  [LoginPage] username is set:aaa 
2018-12-03 10:51:02,289 INFO  [LoginPage] password is set:asd 
2018-12-03 10:51:02,808 INFO  [LoginPage] button is clicked 
2018-12-03 10:51:02,943 INFO  [LoginPage] Error Message is printed:Invalid credentials 
2018-12-03 10:51:02,972 INFO  [ListenerTest] ---Test method Success---InValidLogin1 
2018-12-03 11:09:33,978 INFO  [ListenerTest] ----Suite Started---Suite 
2018-12-03 11:09:38,222 INFO  [TestBase] chrome Browser is invoked 
2018-12-03 11:09:40,317 INFO  [ListenerTest] ---Test method Started---ValidLogin 
2018-12-03 11:09:40,330 INFO  [ListenerTest] ---Test method Started---ValidLogin 
2018-12-03 11:09:40,426 INFO  [LoginPage] LoginPage constructor is invoked 
2018-12-03 11:09:40,828 INFO  [LoginPage] username is set:Admin 
2018-12-03 11:09:41,104 INFO  [LoginPage] password is set:admin123 
2018-12-03 11:09:43,551 INFO  [LoginPage] button is clicked 
2018-12-03 11:09:43,659 INFO  [ListenerTest] ---Test method Success---ValidLogin 
2018-12-03 11:09:44,092 INFO  [ListenerTest] C:\Users\R.computers\orangehrm1\Screenshots\passed\ValidLogin-2018-12-03-11-09-44.png 
2018-12-03 11:09:44,100 INFO  [ListenerTest] ---Test method Success---ValidLogin 
2018-12-03 11:09:44,503 INFO  [ListenerTest] C:\Users\R.computers\orangehrm1\Screenshots\passed\ValidLogin-2018-12-03-11-09-44.png 
2018-12-03 11:09:45,097 INFO  [TestBase] Driver is closed 
2018-12-03 11:09:47,995 INFO  [TestBase] chrome Browser is invoked 
2018-12-03 11:09:50,040 INFO  [ListenerTest] ---Test method Started---InValidLogin1 
2018-12-03 11:09:50,042 INFO  [ListenerTest] ---Test method Started---InValidLogin1 
2018-12-03 11:09:50,046 INFO  [LoginPage] LoginPage constructor is invoked 
2018-12-03 11:09:50,518 INFO  [LoginPage] username is set:aaa 
2018-12-03 11:09:50,771 INFO  [LoginPage] password is set:asd 
2018-12-03 11:09:51,292 INFO  [LoginPage] button is clicked 
2018-12-03 11:09:51,439 INFO  [LoginPage] Error Message is printed:Invalid credentials 
2018-12-03 11:09:51,486 INFO  [ListenerTest] ---Test method Success---InValidLogin1 
2018-12-03 11:09:51,930 INFO  [ListenerTest] C:\Users\R.computers\orangehrm1\Screenshots\passed\InValidLogin1-2018-12-03-11-09-51.png 
2018-12-03 11:09:51,936 INFO  [ListenerTest] ---Test method Success---InValidLogin1 
2018-12-03 11:09:52,420 INFO  [ListenerTest] C:\Users\R.computers\orangehrm1\Screenshots\passed\InValidLogin1-2018-12-03-11-09-52.png 
2018-12-03 11:09:52,860 INFO  [TestBase] Driver is closed 
2018-12-03 11:09:55,566 INFO  [TestBase] chrome Browser is invoked 
2018-12-03 11:09:57,826 INFO  [ListenerTest] ---Test method Started---PasswordEmpty 
2018-12-03 11:09:57,829 INFO  [ListenerTest] ---Test method Started---PasswordEmpty 
2018-12-03 11:09:57,830 INFO  [LoginPage] LoginPage constructor is invoked 
2018-12-03 11:09:58,380 INFO  [LoginPage] username is set:Admin 
2018-12-03 11:09:58,709 INFO  [LoginPage] password is set: 
2018-12-03 11:09:58,951 INFO  [LoginPage] button is clicked 
2018-12-03 11:09:59,067 INFO  [LoginPage] Error Message is printed:Password cannot be empty 
2018-12-03 11:09:59,112 INFO  [ListenerTest] ---Test method Success---PasswordEmpty 
2018-12-03 11:09:59,577 INFO  [ListenerTest] C:\Users\R.computers\orangehrm1\Screenshots\passed\PasswordEmpty-2018-12-03-11-09-59.png 
2018-12-03 11:09:59,579 INFO  [ListenerTest] ---Test method Success---PasswordEmpty 
2018-12-03 11:10:00,015 INFO  [ListenerTest] C:\Users\R.computers\orangehrm1\Screenshots\passed\PasswordEmpty-2018-12-03-11-09-59.png 
2018-12-03 11:10:00,456 INFO  [TestBase] Driver is closed 
2018-12-03 11:10:03,067 INFO  [TestBase] chrome Browser is invoked 
2018-12-03 11:10:06,061 INFO  [ListenerTest] ---Test method Started---UserNameEmpty 
2018-12-03 11:10:06,064 INFO  [ListenerTest] ---Test method Started---UserNameEmpty 
2018-12-03 11:10:06,067 INFO  [LoginPage] LoginPage constructor is invoked 
2018-12-03 11:10:06,341 INFO  [LoginPage] username is set: 
2018-12-03 11:10:06,572 INFO  [LoginPage] button is clicked 
2018-12-03 11:10:06,677 INFO  [LoginPage] Error Message is printed:Username cannot be empty 
2018-12-03 11:10:06,705 INFO  [ListenerTest] ---Test method Success---UserNameEmpty 
2018-12-03 11:10:07,150 INFO  [ListenerTest] C:\Users\R.computers\orangehrm1\Screenshots\passed\UserNameEmpty-2018-12-03-11-10-07.png 
2018-12-03 11:10:07,153 INFO  [ListenerTest] ---Test method Success---UserNameEmpty 
2018-12-03 11:10:07,602 INFO  [ListenerTest] C:\Users\R.computers\orangehrm1\Screenshots\passed\UserNameEmpty-2018-12-03-11-10-07.png 
2018-12-03 11:10:08,047 INFO  [TestBase] Driver is closed 
2018-12-03 11:10:08,093 INFO  [ListenerTest] ---Suite completed-----Suite 
2018-12-03 11:33:25,638 INFO  [ListenerTest] ----Suite Started---Suite 
2018-12-03 11:33:30,078 INFO  [TestBase] chrome Browser is invoked 
2018-12-03 11:33:32,483 INFO  [ListenerTest] ---Test method Started---ValidLogin 
2018-12-03 11:33:32,483 INFO  [ListenerTest] ---Test method Started---ValidLogin 
2018-12-03 11:33:32,608 INFO  [LoginPage] LoginPage constructor is invoked 
2018-12-03 11:33:33,139 INFO  [LoginPage] username is set:Admin 
2018-12-03 11:33:33,460 INFO  [LoginPage] password is set:admin123 
2018-12-03 11:33:34,821 INFO  [LoginPage] button is clicked 
2018-12-03 11:33:34,987 INFO  [ListenerTest] ---Test method Success---ValidLogin 
2018-12-03 11:33:35,863 INFO  [ListenerTest] C:\Users\R.computers\orangehrm1\Screenshots\passed\ValidLogin-2018-12-03-11-33-35.png 
2018-12-03 11:33:35,864 INFO  [ListenerTest] ---Test method Success---ValidLogin 
2018-12-03 11:33:36,481 INFO  [ListenerTest] C:\Users\R.computers\orangehrm1\Screenshots\passed\ValidLogin-2018-12-03-11-33-36.png 
2018-12-03 11:33:37,020 INFO  [TestBase] Driver is closed 
2018-12-03 11:33:40,026 INFO  [TestBase] chrome Browser is invoked 
2018-12-03 11:33:42,294 INFO  [ListenerTest] ---Test method Started---InValidLogin1 
2018-12-03 11:33:42,294 INFO  [ListenerTest] ---Test method Started---InValidLogin1 
2018-12-03 11:33:42,298 INFO  [LoginPage] LoginPage constructor is invoked 
2018-12-03 11:33:42,989 INFO  [LoginPage] username is set:aaa 
2018-12-03 11:34:43,342 INFO  [ListenerTest] ---Test method failed---InValidLogin1 
2018-12-03 11:34:43,356 INFO  [ListenerTest] ---Test method failed---InValidLogin1 
2018-12-03 11:34:45,513 INFO  [ListenerTest] ---Test method skipped---PasswordEmpty 
2018-12-03 11:34:45,514 INFO  [ListenerTest] ---Test method skipped---PasswordEmpty 
2018-12-03 11:34:45,515 INFO  [ListenerTest] ---Test method skipped---UserNameEmpty 
2018-12-03 11:34:45,515 INFO  [ListenerTest] ---Test method skipped---UserNameEmpty 
2018-12-03 11:34:45,601 INFO  [ListenerTest] ---Suite completed-----Suite 
2018-12-03 11:35:58,328 INFO  [ListenerTest] ----Suite Started---Suite 
2018-12-03 11:36:02,455 INFO  [TestBase] chrome Browser is invoked 
2018-12-03 11:36:04,646 INFO  [ListenerTest] ---Test method Started---ValidLogin 
2018-12-03 11:36:04,646 INFO  [ListenerTest] ---Test method Started---ValidLogin 
2018-12-03 11:36:04,723 INFO  [LoginPage] LoginPage constructor is invoked 
2018-12-03 11:36:05,207 INFO  [LoginPage] username is set:Admin 
2018-12-03 11:36:05,534 INFO  [LoginPage] password is set:admin123 
2018-12-03 11:36:06,881 INFO  [LoginPage] button is clicked 
2018-12-03 11:36:07,090 INFO  [ListenerTest] ---Test method Success---ValidLogin 
2018-12-03 11:36:07,601 INFO  [ListenerTest] C:\Users\R.computers\orangehrm1\Screenshots\passed\ValidLogin-2018-12-03-11-36-07.png 
2018-12-03 11:36:07,602 INFO  [ListenerTest] ---Test method Success---ValidLogin 
2018-12-03 11:36:08,152 INFO  [ListenerTest] C:\Users\R.computers\orangehrm1\Screenshots\passed\ValidLogin-2018-12-03-11-36-08.png 
2018-12-03 11:36:08,721 INFO  [TestBase] Driver is closed 
2018-12-03 11:36:11,626 INFO  [TestBase] chrome Browser is invoked 
2018-12-03 11:36:13,913 INFO  [ListenerTest] ---Test method Started---InValidLogin1 
2018-12-03 11:36:13,913 INFO  [ListenerTest] ---Test method Started---InValidLogin1 
2018-12-03 11:36:13,916 INFO  [LoginPage] LoginPage constructor is invoked 
2018-12-03 11:36:14,382 INFO  [LoginPage] username is set:aaa 
2018-12-03 11:36:14,670 INFO  [LoginPage] password is set:asd 
2018-12-03 11:36:15,207 INFO  [LoginPage] button is clicked 
2018-12-03 11:36:15,385 INFO  [LoginPage] Error Message is printed:Invalid credentials 
2018-12-03 11:36:15,424 INFO  [ListenerTest] ---Test method Success---InValidLogin1 
2018-12-03 11:36:15,857 INFO  [ListenerTest] C:\Users\R.computers\orangehrm1\Screenshots\passed\InValidLogin1-2018-12-03-11-36-15.png 
2018-12-03 11:36:15,857 INFO  [ListenerTest] ---Test method Success---InValidLogin1 
2018-12-03 11:36:16,344 INFO  [ListenerTest] C:\Users\R.computers\orangehrm1\Screenshots\passed\InValidLogin1-2018-12-03-11-36-16.png 
2018-12-03 11:36:16,854 INFO  [TestBase] Driver is closed 
2018-12-03 11:36:19,504 INFO  [TestBase] chrome Browser is invoked 
2018-12-03 11:36:21,706 INFO  [ListenerTest] ---Test method Started---PasswordEmpty 
2018-12-03 11:36:21,707 INFO  [ListenerTest] ---Test method Started---PasswordEmpty 
2018-12-03 11:36:21,708 INFO  [LoginPage] LoginPage constructor is invoked 
2018-12-03 11:36:22,158 INFO  [LoginPage] username is set:Admin 
2018-12-03 11:36:22,404 INFO  [LoginPage] password is set: 
2018-12-03 11:36:22,608 INFO  [LoginPage] button is clicked 
2018-12-03 11:36:22,713 INFO  [LoginPage] Error Message is printed:Password cannot be empty 
2018-12-03 11:36:22,738 INFO  [ListenerTest] ---Test method Success---PasswordEmpty 
2018-12-03 11:36:23,179 INFO  [ListenerTest] C:\Users\R.computers\orangehrm1\Screenshots\passed\PasswordEmpty-2018-12-03-11-36-23.png 
2018-12-03 11:36:23,179 INFO  [ListenerTest] ---Test method Success---PasswordEmpty 
2018-12-03 11:36:23,630 INFO  [ListenerTest] C:\Users\R.computers\orangehrm1\Screenshots\passed\PasswordEmpty-2018-12-03-11-36-23.png 
2018-12-03 11:36:24,042 INFO  [TestBase] Driver is closed 
2018-12-03 11:36:26,837 INFO  [TestBase] chrome Browser is invoked 
2018-12-03 11:36:28,980 INFO  [ListenerTest] ---Test method Started---UserNameEmpty 
2018-12-03 11:36:28,980 INFO  [ListenerTest] ---Test method Started---UserNameEmpty 
2018-12-03 11:36:28,982 INFO  [LoginPage] LoginPage constructor is invoked 
2018-12-03 11:36:29,373 INFO  [LoginPage] username is set: 
2018-12-03 11:36:29,587 INFO  [LoginPage] button is clicked 
2018-12-03 11:36:29,713 INFO  [LoginPage] Error Message is printed:Username cannot be empty 
2018-12-03 11:36:29,738 INFO  [ListenerTest] ---Test method Success---UserNameEmpty 
2018-12-03 11:36:30,242 INFO  [ListenerTest] C:\Users\R.computers\orangehrm1\Screenshots\passed\UserNameEmpty-2018-12-03-11-36-30.png 
2018-12-03 11:36:30,242 INFO  [ListenerTest] ---Test method Success---UserNameEmpty 
2018-12-03 11:36:30,685 INFO  [ListenerTest] C:\Users\R.computers\orangehrm1\Screenshots\passed\UserNameEmpty-2018-12-03-11-36-30.png 
2018-12-03 11:36:31,187 INFO  [TestBase] Driver is closed 
2018-12-03 11:36:31,278 INFO  [ListenerTest] ---Suite completed-----Suite 
2018-12-03 11:43:25,761 INFO  [ListenerTest] ----Suite Started---Suite 
2018-12-03 11:43:30,577 INFO  [TestBase] chrome Browser is invoked 
2018-12-03 11:43:32,812 INFO  [ListenerTest] ---Test method Started---ValidLogin 
2018-12-03 11:43:32,813 INFO  [ListenerTest] ---Test method Started---ValidLogin 
2018-12-03 11:43:32,918 INFO  [LoginPage] LoginPage constructor is invoked 
2018-12-03 11:43:33,344 INFO  [LoginPage] username is set:Admin 
2018-12-03 11:43:33,697 INFO  [LoginPage] password is set:admin123 
2018-12-03 11:43:34,986 INFO  [LoginPage] button is clicked 
2018-12-03 11:43:35,178 INFO  [ListenerTest] ---Test method Success---ValidLogin 
2018-12-03 11:43:35,705 INFO  [ListenerTest] C:\Users\R.computers\orangehrm1\Screenshots\passed\ValidLogin-2018-12-03-11-43-35.png 
2018-12-03 11:43:35,706 INFO  [ListenerTest] ---Test method Success---ValidLogin 
2018-12-03 11:43:36,149 INFO  [ListenerTest] C:\Users\R.computers\orangehrm1\Screenshots\passed\ValidLogin-2018-12-03-11-43-36.png 
2018-12-03 11:43:36,512 INFO  [TestBase] Driver is closed 
2018-12-03 11:43:39,005 INFO  [TestBase] chrome Browser is invoked 
2018-12-03 11:43:41,123 INFO  [ListenerTest] ---Test method Started---InValidLogin1 
2018-12-03 11:43:41,123 INFO  [ListenerTest] ---Test method Started---InValidLogin1 
2018-12-03 11:43:41,126 INFO  [LoginPage] LoginPage constructor is invoked 
2018-12-03 11:43:41,415 INFO  [LoginPage] username is set:aaa 
2018-12-03 11:43:41,646 INFO  [LoginPage] password is set:asd 
2018-12-03 11:43:42,051 INFO  [LoginPage] button is clicked 
2018-12-03 11:43:42,131 INFO  [LoginPage] Error Message is printed:Invalid credentials 
2018-12-03 11:43:42,171 INFO  [ListenerTest] ---Test method Success---InValidLogin1 
2018-12-03 11:43:42,593 INFO  [ListenerTest] C:\Users\R.computers\orangehrm1\Screenshots\passed\InValidLogin1-2018-12-03-11-43-42.png 
2018-12-03 11:43:42,593 INFO  [ListenerTest] ---Test method Success---InValidLogin1 
2018-12-03 11:43:43,004 INFO  [ListenerTest] C:\Users\R.computers\orangehrm1\Screenshots\passed\InValidLogin1-2018-12-03-11-43-42.png 
2018-12-03 11:43:43,336 INFO  [TestBase] Driver is closed 
2018-12-03 11:43:45,836 INFO  [TestBase] chrome Browser is invoked 
2018-12-03 11:43:47,874 INFO  [ListenerTest] ---Test method Started---PasswordEmpty 
2018-12-03 11:43:47,874 INFO  [ListenerTest] ---Test method Started---PasswordEmpty 
2018-12-03 11:43:47,875 INFO  [LoginPage] LoginPage constructor is invoked 
2018-12-03 11:43:48,228 INFO  [LoginPage] username is set:Admin 
2018-12-03 11:43:48,449 INFO  [LoginPage] password is set: 
2018-12-03 11:43:48,626 INFO  [LoginPage] button is clicked 
2018-12-03 11:43:48,713 INFO  [LoginPage] Error Message is printed:Password cannot be empty 
2018-12-03 11:43:48,737 INFO  [ListenerTest] ---Test method Success---PasswordEmpty 
2018-12-03 11:43:49,147 INFO  [ListenerTest] C:\Users\R.computers\orangehrm1\Screenshots\passed\PasswordEmpty-2018-12-03-11-43-49.png 
2018-12-03 11:43:49,148 INFO  [ListenerTest] ---Test method Success---PasswordEmpty 
2018-12-03 11:43:49,550 INFO  [ListenerTest] C:\Users\R.computers\orangehrm1\Screenshots\passed\PasswordEmpty-2018-12-03-11-43-49.png 
2018-12-03 11:43:49,945 INFO  [TestBase] Driver is closed 
2018-12-03 11:43:52,578 INFO  [TestBase] chrome Browser is invoked 
2018-12-03 11:43:54,710 INFO  [ListenerTest] ---Test method Started---UserNameEmpty 
2018-12-03 11:43:54,710 INFO  [ListenerTest] ---Test method Started---UserNameEmpty 
2018-12-03 11:43:54,712 INFO  [LoginPage] LoginPage constructor is invoked 
2018-12-03 11:43:55,008 INFO  [LoginPage] username is set: 
2018-12-03 11:43:55,215 INFO  [LoginPage] button is clicked 
2018-12-03 11:43:55,310 INFO  [LoginPage] Error Message is printed:Username cannot be empty 
2018-12-03 11:43:55,332 INFO  [ListenerTest] ---Test method Success---UserNameEmpty 
2018-12-03 11:43:55,762 INFO  [ListenerTest] C:\Users\R.computers\orangehrm1\Screenshots\passed\UserNameEmpty-2018-12-03-11-43-55.png 
2018-12-03 11:43:55,762 INFO  [ListenerTest] ---Test method Success---UserNameEmpty 
2018-12-03 11:43:56,183 INFO  [ListenerTest] C:\Users\R.computers\orangehrm1\Screenshots\passed\UserNameEmpty-2018-12-03-11-43-56.png 
2018-12-03 11:43:56,479 INFO  [TestBase] Driver is closed 
2018-12-03 11:43:56,647 INFO  [ListenerTest] ---Suite completed-----Suite 
2018-12-03 11:52:18,469 INFO  [ListenerTest] ----Suite Started---Suite 
2018-12-03 11:52:22,992 INFO  [TestBase] chrome Browser is invoked 
2018-12-03 11:52:25,103 INFO  [ListenerTest] ---Test method Started---ValidLogin 
2018-12-03 11:52:25,104 INFO  [ListenerTest] ---Test method Started---ValidLogin 
2018-12-03 11:52:25,206 INFO  [LoginPage] LoginPage constructor is invoked 
2018-12-03 11:52:25,661 INFO  [LoginPage] username is set:Admin 
2018-12-03 11:52:25,972 INFO  [LoginPage] password is set:admin123 
2018-12-03 11:52:27,294 INFO  [LoginPage] button is clicked 
2018-12-03 11:52:27,505 INFO  [ListenerTest] ---Test method Success---ValidLogin 
2018-12-03 11:52:27,988 INFO  [ListenerTest] C:\Users\R.computers\orangehrm1\Screenshots\passed\ValidLogin-2018-12-03-11-52-27.png 
2018-12-03 11:52:27,988 INFO  [ListenerTest] ---Test method Success---ValidLogin 
2018-12-03 11:52:28,422 INFO  [ListenerTest] C:\Users\R.computers\orangehrm1\Screenshots\passed\ValidLogin-2018-12-03-11-52-28.png 
2018-12-03 11:52:28,915 INFO  [TestBase] Driver is closed 
2018-12-03 11:52:31,599 INFO  [TestBase] chrome Browser is invoked 
2018-12-03 11:52:33,701 INFO  [ListenerTest] ---Test method Started---InValidLogin1 
2018-12-03 11:52:33,702 INFO  [ListenerTest] ---Test method Started---InValidLogin1 
2018-12-03 11:52:33,705 INFO  [LoginPage] LoginPage constructor is invoked 
2018-12-03 11:52:34,094 INFO  [LoginPage] username is set:aaa 
2018-12-03 11:52:34,396 INFO  [LoginPage] password is set:asd 
2018-12-03 11:52:34,876 INFO  [LoginPage] button is clicked 
2018-12-03 11:52:35,032 INFO  [LoginPage] Error Message is printed:Invalid credentials 
2018-12-03 11:52:35,080 INFO  [ListenerTest] ---Test method Success---InValidLogin1 
2018-12-03 11:52:35,595 INFO  [ListenerTest] C:\Users\R.computers\orangehrm1\Screenshots\passed\InValidLogin1-2018-12-03-11-52-35.png 
2018-12-03 11:52:35,595 INFO  [ListenerTest] ---Test method Success---InValidLogin1 
2018-12-03 11:52:36,112 INFO  [ListenerTest] C:\Users\R.computers\orangehrm1\Screenshots\passed\InValidLogin1-2018-12-03-11-52-36.png 
2018-12-03 11:52:36,455 INFO  [TestBase] Driver is closed 
2018-12-03 11:52:39,194 INFO  [TestBase] chrome Browser is invoked 
2018-12-03 11:52:41,377 INFO  [ListenerTest] ---Test method Started---PasswordEmpty 
2018-12-03 11:52:41,378 INFO  [ListenerTest] ---Test method Started---PasswordEmpty 
2018-12-03 11:52:41,380 INFO  [LoginPage] LoginPage constructor is invoked 
2018-12-03 11:52:41,844 INFO  [LoginPage] username is set:Admin 
2018-12-03 11:52:42,156 INFO  [LoginPage] password is set: 
2018-12-03 11:52:42,406 INFO  [LoginPage] button is clicked 
2018-12-03 11:52:42,526 INFO  [LoginPage] Error Message is printed:Password cannot be empty 
2018-12-03 11:52:42,563 INFO  [ListenerTest] ---Test method Success---PasswordEmpty 
2018-12-03 11:52:43,061 INFO  [ListenerTest] C:\Users\R.computers\orangehrm1\Screenshots\passed\PasswordEmpty-2018-12-03-11-52-43.png 
2018-12-03 11:52:43,061 INFO  [ListenerTest] ---Test method Success---PasswordEmpty 
2018-12-03 11:52:43,530 INFO  [ListenerTest] C:\Users\R.computers\orangehrm1\Screenshots\passed\PasswordEmpty-2018-12-03-11-52-43.png 
2018-12-03 11:52:43,876 INFO  [TestBase] Driver is closed 
2018-12-03 11:52:46,430 INFO  [TestBase] chrome Browser is invoked 
2018-12-03 11:52:48,576 INFO  [ListenerTest] ---Test method Started---UserNameEmpty 
2018-12-03 11:52:48,577 INFO  [ListenerTest] ---Test method Started---UserNameEmpty 
2018-12-03 11:52:48,581 INFO  [LoginPage] LoginPage constructor is invoked 
2018-12-03 11:52:48,907 INFO  [LoginPage] username is set: 
2018-12-03 11:52:49,135 INFO  [LoginPage] button is clicked 
2018-12-03 11:52:49,261 INFO  [LoginPage] Error Message is printed:Username cannot be empty 
2018-12-03 11:52:49,303 INFO  [ListenerTest] ---Test method Success---UserNameEmpty 
2018-12-03 11:52:49,774 INFO  [ListenerTest] C:\Users\R.computers\orangehrm1\Screenshots\passed\UserNameEmpty-2018-12-03-11-52-49.png 
2018-12-03 11:52:49,774 INFO  [ListenerTest] ---Test method Success---UserNameEmpty 
2018-12-03 11:52:50,237 INFO  [ListenerTest] C:\Users\R.computers\orangehrm1\Screenshots\passed\UserNameEmpty-2018-12-03-11-52-50.png 
2018-12-03 11:52:50,663 INFO  [TestBase] Driver is closed 
2018-12-03 11:52:50,744 INFO  [ListenerTest] ---Suite completed-----Suite 
2018-12-03 11:55:26,455 INFO  [ListenerTest] ----Suite Started---Suite 
2018-12-03 11:55:30,978 INFO  [TestBase] chrome Browser is invoked 
2018-12-03 11:55:33,178 INFO  [ListenerTest] ---Test method Started---ValidLogin 
2018-12-03 11:55:33,179 INFO  [ListenerTest] ---Test method Started---ValidLogin 
2018-12-03 11:55:33,298 INFO  [LoginPage] LoginPage constructor is invoked 
2018-12-03 11:55:33,721 INFO  [LoginPage] username is set:Admin 
2018-12-03 11:55:34,027 INFO  [LoginPage] password is set:admin123 
2018-12-03 11:55:35,355 INFO  [LoginPage] button is clicked 
2018-12-03 11:55:35,909 INFO  [ListenerTest] ---Test method Success---ValidLogin 
2018-12-03 11:55:36,416 INFO  [ListenerTest] C:\Users\R.computers\orangehrm1\Screenshots\passed\ValidLogin-2018-12-03-11-55-36.png 
2018-12-03 11:55:36,417 INFO  [ListenerTest] ---Test method Success---ValidLogin 
2018-12-03 11:55:36,864 INFO  [ListenerTest] C:\Users\R.computers\orangehrm1\Screenshots\passed\ValidLogin-2018-12-03-11-55-36.png 
2018-12-03 11:55:37,302 INFO  [TestBase] Driver is closed 
2018-12-03 11:55:40,001 INFO  [TestBase] chrome Browser is invoked 
2018-12-03 11:55:42,204 INFO  [ListenerTest] ---Test method Started---InValidLogin1 
2018-12-03 11:55:42,204 INFO  [ListenerTest] ---Test method Started---InValidLogin1 
2018-12-03 11:55:42,207 INFO  [LoginPage] LoginPage constructor is invoked 
2018-12-03 11:55:42,614 INFO  [LoginPage] username is set:aaa 
2018-12-03 11:55:43,039 INFO  [LoginPage] password is set:asd 
2018-12-03 11:55:43,537 INFO  [LoginPage] button is clicked 
2018-12-03 11:55:43,692 INFO  [LoginPage] Error Message is printed:Invalid credentials 
2018-12-03 11:55:43,751 INFO  [ListenerTest] ---Test method Success---InValidLogin1 
2018-12-03 11:55:44,254 INFO  [ListenerTest] C:\Users\R.computers\orangehrm1\Screenshots\passed\InValidLogin1-2018-12-03-11-55-44.png 
2018-12-03 11:55:44,255 INFO  [ListenerTest] ---Test method Success---InValidLogin1 
2018-12-03 11:55:44,742 INFO  [ListenerTest] C:\Users\R.computers\orangehrm1\Screenshots\passed\InValidLogin1-2018-12-03-11-55-44.png 
2018-12-03 11:55:45,227 INFO  [TestBase] Driver is closed 
2018-12-03 11:55:47,903 INFO  [TestBase] chrome Browser is invoked 
2018-12-03 11:55:50,123 INFO  [ListenerTest] ---Test method Started---PasswordEmpty 
2018-12-03 11:55:50,124 INFO  [ListenerTest] ---Test method Started---PasswordEmpty 
2018-12-03 11:55:50,125 INFO  [LoginPage] LoginPage constructor is invoked 
2018-12-03 11:55:50,590 INFO  [LoginPage] username is set:Admin 
2018-12-03 11:55:50,854 INFO  [LoginPage] password is set: 
2018-12-03 11:55:51,087 INFO  [LoginPage] button is clicked 
2018-12-03 11:55:51,186 INFO  [LoginPage] Error Message is printed:Password cannot be empty 
2018-12-03 11:55:51,223 INFO  [ListenerTest] ---Test method Success---PasswordEmpty 
2018-12-03 11:55:51,674 INFO  [ListenerTest] C:\Users\R.computers\orangehrm1\Screenshots\passed\PasswordEmpty-2018-12-03-11-55-51.png 
2018-12-03 11:55:51,674 INFO  [ListenerTest] ---Test method Success---PasswordEmpty 
2018-12-03 11:55:52,160 INFO  [ListenerTest] C:\Users\R.computers\orangehrm1\Screenshots\passed\PasswordEmpty-2018-12-03-11-55-52.png 
2018-12-03 11:55:52,697 INFO  [TestBase] Driver is closed 
2018-12-03 11:55:55,320 INFO  [TestBase] chrome Browser is invoked 
2018-12-03 11:55:57,524 INFO  [ListenerTest] ---Test method Started---UserNameEmpty 
2018-12-03 11:55:57,524 INFO  [ListenerTest] ---Test method Started---UserNameEmpty 
2018-12-03 11:55:57,526 INFO  [LoginPage] LoginPage constructor is invoked 
2018-12-03 11:55:57,871 INFO  [LoginPage] username is set: 
2018-12-03 11:55:58,122 INFO  [LoginPage] button is clicked 
2018-12-03 11:55:58,230 INFO  [LoginPage] Error Message is printed:Username cannot be empty 
2018-12-03 11:55:58,259 INFO  [ListenerTest] ---Test method Success---UserNameEmpty 
2018-12-03 11:55:58,734 INFO  [ListenerTest] C:\Users\R.computers\orangehrm1\Screenshots\passed\UserNameEmpty-2018-12-03-11-55-58.png 
2018-12-03 11:55:58,735 INFO  [ListenerTest] ---Test method Success---UserNameEmpty 
2018-12-03 11:55:59,237 INFO  [ListenerTest] C:\Users\R.computers\orangehrm1\Screenshots\passed\UserNameEmpty-2018-12-03-11-55-59.png 
2018-12-03 11:55:59,653 INFO  [TestBase] Driver is closed 
2018-12-03 11:55:59,726 INFO  [ListenerTest] ---Suite completed-----Suite 
2018-12-03 17:50:54,499 INFO  [ListenerTest] ----Suite Started---Suite 
2018-12-03 17:50:57,775 INFO  [TestBase] chrome Browser is invoked 
2018-12-03 17:50:59,592 INFO  [ListenerTest] ---Test method Started---ValidLogin 
2018-12-03 17:50:59,593 INFO  [ListenerTest] ---Test method Started---ValidLogin 
2018-12-03 17:50:59,641 INFO  [LoginPage] LoginPage constructor is invoked 
2018-12-03 17:50:59,942 INFO  [LoginPage] username is set:Admin 
2018-12-03 17:51:00,165 INFO  [LoginPage] password is set:admin123 
2018-12-03 17:51:01,285 INFO  [LoginPage] button is clicked 
2018-12-03 17:51:01,359 INFO  [ListenerTest] ---Test method Success---ValidLogin 
2018-12-03 17:51:02,156 INFO  [ListenerTest] C:\Users\R.computers\orangehrm1\Screenshots\passed\ValidLogin-2018-12-03-17-51-02.png 
2018-12-03 17:51:02,157 INFO  [ListenerTest] ---Test method Success---ValidLogin 
2018-12-03 17:51:02,537 INFO  [ListenerTest] C:\Users\R.computers\orangehrm1\Screenshots\passed\ValidLogin-2018-12-03-17-51-02.png 
2018-12-03 17:51:04,675 INFO  [TestBase] Driver is closed 
2018-12-03 17:51:07,362 INFO  [TestBase] chrome Browser is invoked 
2018-12-03 17:51:09,197 INFO  [ListenerTest] ---Test method Started---InValidLogin1 
2018-12-03 17:51:09,197 INFO  [ListenerTest] ---Test method Started---InValidLogin1 
2018-12-03 17:51:09,200 INFO  [LoginPage] LoginPage constructor is invoked 
2018-12-03 17:51:09,467 INFO  [LoginPage] username is set:aaa 
2018-12-03 17:51:09,695 INFO  [LoginPage] password is set:asd 
2018-12-03 17:51:10,084 INFO  [LoginPage] button is clicked 
2018-12-03 17:51:10,160 INFO  [LoginPage] Error Message is printed:Invalid credentials 
2018-12-03 17:51:10,181 INFO  [ListenerTest] ---Test method Success---InValidLogin1 
2018-12-03 17:51:10,599 INFO  [ListenerTest] C:\Users\R.computers\orangehrm1\Screenshots\passed\InValidLogin1-2018-12-03-17-51-10.png 
2018-12-03 17:51:10,600 INFO  [ListenerTest] ---Test method Success---InValidLogin1 
2018-12-03 17:51:10,980 INFO  [ListenerTest] C:\Users\R.computers\orangehrm1\Screenshots\passed\InValidLogin1-2018-12-03-17-51-10.png 
2018-12-03 17:51:11,560 INFO  [TestBase] Driver is closed 
2018-12-03 17:51:13,927 INFO  [TestBase] chrome Browser is invoked 
2018-12-03 17:51:15,702 INFO  [ListenerTest] ---Test method Started---PasswordEmpty 
2018-12-03 17:51:15,702 INFO  [ListenerTest] ---Test method Started---PasswordEmpty 
2018-12-03 17:51:15,703 INFO  [LoginPage] LoginPage constructor is invoked 
2018-12-03 17:51:15,971 INFO  [LoginPage] username is set:Admin 
2018-12-03 17:51:16,169 INFO  [LoginPage] password is set: 
2018-12-03 17:51:16,331 INFO  [LoginPage] button is clicked 
2018-12-03 17:51:16,415 INFO  [LoginPage] Error Message is printed:Password cannot be empty 
2018-12-03 17:51:16,439 INFO  [ListenerTest] ---Test method Success---PasswordEmpty 
2018-12-03 17:51:16,837 INFO  [ListenerTest] C:\Users\R.computers\orangehrm1\Screenshots\passed\PasswordEmpty-2018-12-03-17-51-16.png 
2018-12-03 17:51:16,838 INFO  [ListenerTest] ---Test method Success---PasswordEmpty 
2018-12-03 17:51:17,220 INFO  [ListenerTest] C:\Users\R.computers\orangehrm1\Screenshots\passed\PasswordEmpty-2018-12-03-17-51-17.png 
2018-12-03 17:51:17,430 INFO  [TestBase] Driver is closed 
2018-12-03 17:51:19,844 INFO  [TestBase] chrome Browser is invoked 
2018-12-03 17:51:21,635 INFO  [ListenerTest] ---Test method Started---UserNameEmpty 
2018-12-03 17:51:21,635 INFO  [ListenerTest] ---Test method Started---UserNameEmpty 
2018-12-03 17:51:21,637 INFO  [LoginPage] LoginPage constructor is invoked 
2018-12-03 17:51:21,865 INFO  [LoginPage] username is set: 
2018-12-03 17:51:22,028 INFO  [LoginPage] button is clicked 
2018-12-03 17:51:22,106 INFO  [LoginPage] Error Message is printed:Username cannot be empty 
2018-12-03 17:51:22,126 INFO  [ListenerTest] ---Test method Success---UserNameEmpty 
2018-12-03 17:51:22,497 INFO  [ListenerTest] C:\Users\R.computers\orangehrm1\Screenshots\passed\UserNameEmpty-2018-12-03-17-51-22.png 
2018-12-03 17:51:22,497 INFO  [ListenerTest] ---Test method Success---UserNameEmpty 
2018-12-03 17:51:22,852 INFO  [ListenerTest] C:\Users\R.computers\orangehrm1\Screenshots\passed\UserNameEmpty-2018-12-03-17-51-22.png 
2018-12-03 17:51:23,054 INFO  [TestBase] Driver is closed 
2018-12-03 17:51:23,238 INFO  [ListenerTest] ---Suite completed-----Suite 
2018-12-03 17:51:49,065 INFO  [ListenerTest] ----Suite Started---Suite 
2018-12-03 17:51:52,390 INFO  [TestBase] chrome Browser is invoked 
2018-12-03 17:51:54,394 INFO  [ListenerTest] ---Test method Started---ValidLogin 
2018-12-03 17:51:54,395 INFO  [ListenerTest] ---Test method Started---ValidLogin 
2018-12-03 17:51:54,459 INFO  [LoginPage] LoginPage constructor is invoked 
2018-12-03 17:51:54,696 INFO  [LoginPage] username is set:Admin 
2018-12-03 17:51:54,887 INFO  [LoginPage] password is set:admin123 
2018-12-03 17:51:55,893 INFO  [LoginPage] button is clicked 
2018-12-03 17:51:55,964 INFO  [ListenerTest] ---Test method Success---ValidLogin 
2018-12-03 17:51:56,747 INFO  [ListenerTest] C:\Users\R.computers\orangehrm1\Screenshots\passed\ValidLogin-2018-12-03-17-51-56.png 
2018-12-03 17:51:56,747 INFO  [ListenerTest] ---Test method Success---ValidLogin 
2018-12-03 17:51:57,151 INFO  [ListenerTest] C:\Users\R.computers\orangehrm1\Screenshots\passed\ValidLogin-2018-12-03-17-51-57.png 
2018-12-03 17:51:57,358 INFO  [TestBase] Driver is closed 
2018-12-03 17:51:59,956 INFO  [TestBase] chrome Browser is invoked 
2018-12-03 17:52:01,862 INFO  [ListenerTest] ---Test method Started---InValidLogin1 
2018-12-03 17:52:01,862 INFO  [ListenerTest] ---Test method Started---InValidLogin1 
2018-12-03 17:52:01,866 INFO  [LoginPage] LoginPage constructor is invoked 
2018-12-03 17:52:02,111 INFO  [LoginPage] username is set:aaa 
2018-12-03 17:52:02,375 INFO  [LoginPage] password is set:asd 
2018-12-03 17:52:02,927 INFO  [LoginPage] button is clicked 
2018-12-03 17:52:03,015 INFO  [LoginPage] Error Message is printed:Invalid credentials 
2018-12-03 17:52:03,037 INFO  [ListenerTest] ---Test method Success---InValidLogin1 
2018-12-03 17:52:03,490 INFO  [ListenerTest] C:\Users\R.computers\orangehrm1\Screenshots\passed\InValidLogin1-2018-12-03-17-52-03.png 
2018-12-03 17:52:03,490 INFO  [ListenerTest] ---Test method Success---InValidLogin1 
2018-12-03 17:52:03,898 INFO  [ListenerTest] C:\Users\R.computers\orangehrm1\Screenshots\passed\InValidLogin1-2018-12-03-17-52-03.png 
2018-12-03 17:52:04,103 INFO  [TestBase] Driver is closed 
2018-12-03 17:52:06,523 INFO  [TestBase] chrome Browser is invoked 
2018-12-03 17:52:08,386 INFO  [ListenerTest] ---Test method Started---PasswordEmpty 
2018-12-03 17:52:08,387 INFO  [ListenerTest] ---Test method Started---PasswordEmpty 
2018-12-03 17:52:08,387 INFO  [LoginPage] LoginPage constructor is invoked 
2018-12-03 17:52:08,636 INFO  [LoginPage] username is set:Admin 
2018-12-03 17:52:08,833 INFO  [LoginPage] password is set: 
2018-12-03 17:52:08,985 INFO  [LoginPage] button is clicked 
2018-12-03 17:52:09,064 INFO  [LoginPage] Error Message is printed:Password cannot be empty 
2018-12-03 17:52:09,090 INFO  [ListenerTest] ---Test method Success---PasswordEmpty 
2018-12-03 17:52:09,587 INFO  [ListenerTest] C:\Users\R.computers\orangehrm1\Screenshots\passed\PasswordEmpty-2018-12-03-17-52-09.png 
2018-12-03 17:52:09,588 INFO  [ListenerTest] ---Test method Success---PasswordEmpty 
2018-12-03 17:52:10,127 INFO  [ListenerTest] C:\Users\R.computers\orangehrm1\Screenshots\passed\PasswordEmpty-2018-12-03-17-52-10.png 
2018-12-03 17:52:10,429 INFO  [TestBase] Driver is closed 
2018-12-03 17:52:12,832 INFO  [TestBase] chrome Browser is invoked 
2018-12-03 17:52:14,644 INFO  [ListenerTest] ---Test method Started---UserNameEmpty 
2018-12-03 17:52:14,644 INFO  [ListenerTest] ---Test method Started---UserNameEmpty 
2018-12-03 17:52:14,646 INFO  [LoginPage] LoginPage constructor is invoked 
2018-12-03 17:52:14,873 INFO  [LoginPage] username is set: 
2018-12-03 17:52:15,026 INFO  [LoginPage] button is clicked 
2018-12-03 17:52:15,117 INFO  [LoginPage] Error Message is printed:Username cannot be empty 
2018-12-03 17:52:15,139 INFO  [ListenerTest] ---Test method Success---UserNameEmpty 
2018-12-03 17:52:15,553 INFO  [ListenerTest] C:\Users\R.computers\orangehrm1\Screenshots\passed\UserNameEmpty-2018-12-03-17-52-15.png 
2018-12-03 17:52:15,553 INFO  [ListenerTest] ---Test method Success---UserNameEmpty 
2018-12-03 17:52:15,935 INFO  [ListenerTest] C:\Users\R.computers\orangehrm1\Screenshots\passed\UserNameEmpty-2018-12-03-17-52-15.png 
2018-12-03 17:52:16,092 INFO  [TestBase] Driver is closed 
2018-12-03 17:52:16,157 INFO  [ListenerTest] ---Suite completed-----Suite 
2018-12-04 10:55:34,107 INFO  [ListenerTest] ----Suite Started---Suite 
2018-12-04 10:55:39,495 INFO  [TestBase] chrome Browser is invoked 
2018-12-04 10:55:41,954 INFO  [ListenerTest] ---Test method Started---ValidLogin 
2018-12-04 10:55:41,955 INFO  [ListenerTest] ---Test method Started---ValidLogin 
2018-12-04 10:55:42,094 INFO  [LoginPage] LoginPage constructor is invoked 
2018-12-04 10:55:42,582 INFO  [LoginPage] username is set:Admin 
2018-12-04 10:55:42,894 INFO  [LoginPage] password is set:admin123 
2018-12-04 10:55:44,265 INFO  [LoginPage] button is clicked 
2018-12-04 10:55:44,781 INFO  [ListenerTest] ---Test method Success---ValidLogin 
2018-12-04 10:55:45,392 INFO  [ListenerTest] C:\Users\R.computers\orangehrm1\Screenshots\passed\ValidLogin-2018-12-04-10-55-45.png 
2018-12-04 10:55:45,393 INFO  [ListenerTest] ---Test method Success---ValidLogin 
2018-12-04 10:55:45,828 INFO  [ListenerTest] C:\Users\R.computers\orangehrm1\Screenshots\passed\ValidLogin-2018-12-04-10-55-45.png 
2018-12-04 10:55:46,216 INFO  [TestBase] Driver is closed 
2018-12-04 10:55:49,192 INFO  [TestBase] chrome Browser is invoked 
2018-12-04 10:55:51,469 INFO  [ListenerTest] ---Test method Started---InValidLogin1 
2018-12-04 10:55:51,470 INFO  [ListenerTest] ---Test method Started---InValidLogin1 
2018-12-04 10:55:51,473 INFO  [LoginPage] LoginPage constructor is invoked 
2018-12-04 10:55:51,777 INFO  [LoginPage] username is set:aaa 
2018-12-04 10:55:52,048 INFO  [LoginPage] password is set:asd 
2018-12-04 10:55:52,712 INFO  [LoginPage] button is clicked 
2018-12-04 10:55:52,847 INFO  [LoginPage] Error Message is printed:Invalid credentials 
2018-12-04 10:55:52,874 INFO  [ListenerTest] ---Test method Success---InValidLogin1 
2018-12-04 10:55:53,338 INFO  [ListenerTest] C:\Users\R.computers\orangehrm1\Screenshots\passed\InValidLogin1-2018-12-04-10-55-53.png 
2018-12-04 10:55:53,339 INFO  [ListenerTest] ---Test method Success---InValidLogin1 
2018-12-04 10:55:53,777 INFO  [ListenerTest] C:\Users\R.computers\orangehrm1\Screenshots\passed\InValidLogin1-2018-12-04-10-55-53.png 
2018-12-04 10:55:54,098 INFO  [TestBase] Driver is closed 
2018-12-04 10:55:56,630 INFO  [TestBase] chrome Browser is invoked 
2018-12-04 10:55:59,893 INFO  [ListenerTest] ---Test method Started---PasswordEmpty 
2018-12-04 10:55:59,893 INFO  [ListenerTest] ---Test method Started---PasswordEmpty 
2018-12-04 10:55:59,894 INFO  [LoginPage] LoginPage constructor is invoked 
2018-12-04 10:56:00,374 INFO  [LoginPage] username is set:Admin 
2018-12-04 10:56:00,660 INFO  [LoginPage] password is set: 
2018-12-04 10:56:00,880 INFO  [LoginPage] button is clicked 
2018-12-04 10:56:00,998 INFO  [LoginPage] Error Message is printed:Password cannot be empty 
2018-12-04 10:56:01,031 INFO  [ListenerTest] ---Test method Success---PasswordEmpty 
2018-12-04 10:56:01,491 INFO  [ListenerTest] C:\Users\R.computers\orangehrm1\Screenshots\passed\PasswordEmpty-2018-12-04-10-56-01.png 
2018-12-04 10:56:01,492 INFO  [ListenerTest] ---Test method Success---PasswordEmpty 
2018-12-04 10:56:01,946 INFO  [ListenerTest] C:\Users\R.computers\orangehrm1\Screenshots\passed\PasswordEmpty-2018-12-04-10-56-01.png 
2018-12-04 10:56:02,277 INFO  [TestBase] Driver is closed 
2018-12-04 10:56:04,981 INFO  [TestBase] chrome Browser is invoked 
2018-12-04 10:56:08,031 INFO  [ListenerTest] ---Test method Started---UserNameEmpty 
2018-12-04 10:56:08,031 INFO  [ListenerTest] ---Test method Started---UserNameEmpty 
2018-12-04 10:56:08,034 INFO  [LoginPage] LoginPage constructor is invoked 
2018-12-04 10:56:08,317 INFO  [LoginPage] username is set: 
2018-12-04 10:56:08,587 INFO  [LoginPage] button is clicked 
2018-12-04 10:56:08,707 INFO  [LoginPage] Error Message is printed:Username cannot be empty 
2018-12-04 10:56:08,759 INFO  [ListenerTest] ---Test method Success---UserNameEmpty 
2018-12-04 10:56:09,251 INFO  [ListenerTest] C:\Users\R.computers\orangehrm1\Screenshots\passed\UserNameEmpty-2018-12-04-10-56-09.png 
2018-12-04 10:56:09,252 INFO  [ListenerTest] ---Test method Success---UserNameEmpty 
2018-12-04 10:56:09,691 INFO  [ListenerTest] C:\Users\R.computers\orangehrm1\Screenshots\passed\UserNameEmpty-2018-12-04-10-56-09.png 
2018-12-04 10:56:10,058 INFO  [TestBase] Driver is closed 
2018-12-04 10:56:10,126 INFO  [ListenerTest] ---Suite completed-----Suite 
2018-12-04 10:59:47,988 INFO  [ListenerTest] ----Suite Started---Suite 
2018-12-04 10:59:52,071 INFO  [TestBase] chrome Browser is invoked 
2018-12-04 10:59:54,442 INFO  [ListenerTest] ---Test method Started---ValidLogin 
2018-12-04 10:59:54,442 INFO  [ListenerTest] ---Test method Started---ValidLogin 
2018-12-04 10:59:54,540 INFO  [LoginPage] LoginPage constructor is invoked 
2018-12-04 10:59:55,012 INFO  [LoginPage] username is set:Admin 
2018-12-04 10:59:55,325 INFO  [LoginPage] password is set:admin123 
2018-12-04 10:59:56,635 INFO  [LoginPage] button is clicked 
2018-12-04 10:59:57,370 INFO  [ListenerTest] ---Test method Success---ValidLogin 
2018-12-04 10:59:57,979 INFO  [ListenerTest] C:\Users\R.computers\orangehrm1\Screenshots\passed\ValidLogin-2018-12-04-10-59-57.png 
2018-12-04 10:59:57,980 INFO  [ListenerTest] ---Test method Success---ValidLogin 
2018-12-04 10:59:58,542 INFO  [ListenerTest] C:\Users\R.computers\orangehrm1\Screenshots\passed\ValidLogin-2018-12-04-10-59-58.png 
2018-12-04 10:59:58,950 INFO  [TestBase] Driver is closed 
2018-12-04 11:00:01,822 INFO  [TestBase] chrome Browser is invoked 
2018-12-04 11:00:03,976 INFO  [ListenerTest] ---Test method Started---InValidLogin1 
2018-12-04 11:00:03,976 INFO  [ListenerTest] ---Test method Started---InValidLogin1 
2018-12-04 11:00:03,979 INFO  [LoginPage] LoginPage constructor is invoked 
2018-12-04 11:00:04,344 INFO  [LoginPage] username is set:aaa 
2018-12-04 11:00:04,628 INFO  [LoginPage] password is set:asd 
2018-12-04 11:00:05,099 INFO  [LoginPage] button is clicked 
2018-12-04 11:00:05,230 INFO  [LoginPage] Error Message is printed:Invalid credentials 
2018-12-04 11:00:05,265 INFO  [ListenerTest] ---Test method Success---InValidLogin1 
2018-12-04 11:00:05,780 INFO  [ListenerTest] C:\Users\R.computers\orangehrm1\Screenshots\passed\InValidLogin1-2018-12-04-11-00-05.png 
2018-12-04 11:00:05,780 INFO  [ListenerTest] ---Test method Success---InValidLogin1 
2018-12-04 11:00:06,267 INFO  [ListenerTest] C:\Users\R.computers\orangehrm1\Screenshots\passed\InValidLogin1-2018-12-04-11-00-06.png 
2018-12-04 11:00:06,672 INFO  [TestBase] Driver is closed 
2018-12-04 11:00:09,243 INFO  [TestBase] chrome Browser is invoked 
2018-12-04 11:00:11,427 INFO  [ListenerTest] ---Test method Started---PasswordEmpty 
2018-12-04 11:00:11,428 INFO  [ListenerTest] ---Test method Started---PasswordEmpty 
2018-12-04 11:00:11,429 INFO  [LoginPage] LoginPage constructor is invoked 
2018-12-04 11:00:12,340 INFO  [LoginPage] username is set:Admin 
2018-12-04 11:00:12,628 INFO  [LoginPage] password is set: 
2018-12-04 11:00:12,862 INFO  [LoginPage] button is clicked 
2018-12-04 11:00:12,979 INFO  [LoginPage] Error Message is printed:Password cannot be empty 
2018-12-04 11:00:13,009 INFO  [ListenerTest] ---Test method Success---PasswordEmpty 
2018-12-04 11:00:13,488 INFO  [ListenerTest] C:\Users\R.computers\orangehrm1\Screenshots\passed\PasswordEmpty-2018-12-04-11-00-13.png 
2018-12-04 11:00:13,489 INFO  [ListenerTest] ---Test method Success---PasswordEmpty 
2018-12-04 11:00:13,980 INFO  [ListenerTest] C:\Users\R.computers\orangehrm1\Screenshots\passed\PasswordEmpty-2018-12-04-11-00-13.png 
2018-12-04 11:00:14,432 INFO  [TestBase] Driver is closed 
2018-12-04 11:00:17,029 INFO  [TestBase] chrome Browser is invoked 
2018-12-04 11:00:19,138 INFO  [ListenerTest] ---Test method Started---UserNameEmpty 
2018-12-04 11:00:19,138 INFO  [ListenerTest] ---Test method Started---UserNameEmpty 
2018-12-04 11:00:19,140 INFO  [LoginPage] LoginPage constructor is invoked 
2018-12-04 11:00:19,458 INFO  [LoginPage] username is set: 
2018-12-04 11:00:19,689 INFO  [LoginPage] button is clicked 
2018-12-04 11:00:19,788 INFO  [LoginPage] Error Message is printed:Username cannot be empty 
2018-12-04 11:00:19,824 INFO  [ListenerTest] ---Test method Success---UserNameEmpty 
2018-12-04 11:00:20,281 INFO  [ListenerTest] C:\Users\R.computers\orangehrm1\Screenshots\passed\UserNameEmpty-2018-12-04-11-00-20.png 
2018-12-04 11:00:20,284 INFO  [ListenerTest] ---Test method Success---UserNameEmpty 
2018-12-04 11:00:20,704 INFO  [ListenerTest] C:\Users\R.computers\orangehrm1\Screenshots\passed\UserNameEmpty-2018-12-04-11-00-20.png 
2018-12-04 11:00:21,022 INFO  [TestBase] Driver is closed 
2018-12-04 11:00:21,151 INFO  [ListenerTest] ---Suite completed-----Suite 
2018-12-04 11:02:47,401 INFO  [ListenerTest] ----Suite Started---Suite 
2018-12-04 11:02:52,048 INFO  [TestBase] chrome Browser is invoked 
2018-12-04 11:02:54,085 INFO  [ListenerTest] ---Test method Started---ValidLogin 
2018-12-04 11:02:54,086 INFO  [ListenerTest] ---Test method Started---ValidLogin 
2018-12-04 11:02:54,213 INFO  [LoginPage] LoginPage constructor is invoked 
2018-12-04 11:02:54,560 INFO  [LoginPage] username is set:Admin 
2018-12-04 11:02:54,915 INFO  [LoginPage] password is set:admin123 
2018-12-04 11:02:56,259 INFO  [LoginPage] button is clicked 
2018-12-04 11:02:56,887 INFO  [ListenerTest] ---Test method Success---ValidLogin 
2018-12-04 11:02:57,392 INFO  [ListenerTest] C:\Users\R.computers\orangehrm1\Screenshots\passed\ValidLogin-2018-12-04-11-02-57.png 
2018-12-04 11:02:57,393 INFO  [ListenerTest] ---Test method Success---ValidLogin 
2018-12-04 11:02:57,876 INFO  [ListenerTest] C:\Users\R.computers\orangehrm1\Screenshots\passed\ValidLogin-2018-12-04-11-02-57.png 
2018-12-04 11:02:58,248 INFO  [TestBase] Driver is closed 
2018-12-04 11:03:01,059 INFO  [TestBase] chrome Browser is invoked 
2018-12-04 11:03:03,223 INFO  [ListenerTest] ---Test method Started---InValidLogin1 
2018-12-04 11:03:03,224 INFO  [ListenerTest] ---Test method Started---InValidLogin1 
2018-12-04 11:03:03,228 INFO  [LoginPage] LoginPage constructor is invoked 
2018-12-04 11:03:03,561 INFO  [LoginPage] username is set:aaa 
2018-12-04 11:03:03,837 INFO  [LoginPage] password is set:asd 
2018-12-04 11:03:04,422 INFO  [LoginPage] button is clicked 
2018-12-04 11:03:04,524 INFO  [LoginPage] Error Message is printed:Invalid credentials 
2018-12-04 11:03:04,553 INFO  [ListenerTest] ---Test method Success---InValidLogin1 
2018-12-04 11:03:05,082 INFO  [ListenerTest] C:\Users\R.computers\orangehrm1\Screenshots\passed\InValidLogin1-2018-12-04-11-03-05.png 
2018-12-04 11:03:05,083 INFO  [ListenerTest] ---Test method Success---InValidLogin1 
2018-12-04 11:03:05,538 INFO  [ListenerTest] C:\Users\R.computers\orangehrm1\Screenshots\passed\InValidLogin1-2018-12-04-11-03-05.png 
2018-12-04 11:03:05,925 INFO  [TestBase] Driver is closed 
2018-12-04 11:03:08,701 INFO  [TestBase] chrome Browser is invoked 
2018-12-04 11:03:10,752 INFO  [ListenerTest] ---Test method Started---PasswordEmpty 
2018-12-04 11:03:10,752 INFO  [ListenerTest] ---Test method Started---PasswordEmpty 
2018-12-04 11:03:10,753 INFO  [LoginPage] LoginPage constructor is invoked 
2018-12-04 11:03:11,244 INFO  [LoginPage] username is set:Admin 
2018-12-04 11:03:11,549 INFO  [LoginPage] password is set: 
2018-12-04 11:03:11,788 INFO  [LoginPage] button is clicked 
2018-12-04 11:03:11,884 INFO  [LoginPage] Error Message is printed:Password cannot be empty 
2018-12-04 11:03:11,917 INFO  [ListenerTest] ---Test method Success---PasswordEmpty 
2018-12-04 11:03:12,448 INFO  [ListenerTest] C:\Users\R.computers\orangehrm1\Screenshots\passed\PasswordEmpty-2018-12-04-11-03-12.png 
2018-12-04 11:03:12,448 INFO  [ListenerTest] ---Test method Success---PasswordEmpty 
2018-12-04 11:03:12,932 INFO  [ListenerTest] C:\Users\R.computers\orangehrm1\Screenshots\passed\PasswordEmpty-2018-12-04-11-03-12.png 
2018-12-04 11:03:13,307 INFO  [TestBase] Driver is closed 
2018-12-04 11:03:15,833 INFO  [TestBase] chrome Browser is invoked 
2018-12-04 11:03:17,924 INFO  [ListenerTest] ---Test method Started---UserNameEmpty 
2018-12-04 11:03:17,924 INFO  [ListenerTest] ---Test method Started---UserNameEmpty 
2018-12-04 11:03:17,927 INFO  [LoginPage] LoginPage constructor is invoked 
2018-12-04 11:03:18,286 INFO  [LoginPage] username is set: 
2018-12-04 11:03:18,511 INFO  [LoginPage] button is clicked 
2018-12-04 11:03:18,633 INFO  [LoginPage] Error Message is printed:Username cannot be empty 
2018-12-04 11:03:18,656 INFO  [ListenerTest] ---Test method Success---UserNameEmpty 
2018-12-04 11:03:19,110 INFO  [ListenerTest] C:\Users\R.computers\orangehrm1\Screenshots\passed\UserNameEmpty-2018-12-04-11-03-19.png 
2018-12-04 11:03:19,111 INFO  [ListenerTest] ---Test method Success---UserNameEmpty 
2018-12-04 11:03:19,587 INFO  [ListenerTest] C:\Users\R.computers\orangehrm1\Screenshots\passed\UserNameEmpty-2018-12-04-11-03-19.png 
2018-12-04 11:03:19,901 INFO  [TestBase] Driver is closed 
2018-12-04 11:03:19,968 INFO  [ListenerTest] ---Suite completed-----Suite 
2018-12-04 11:07:51,976 INFO  [ListenerTest] ----Suite Started---Suite 
2018-12-04 11:07:56,117 INFO  [TestBase] chrome Browser is invoked 
2018-12-04 11:07:58,650 INFO  [ListenerTest] ---Test method Started---ValidLogin 
2018-12-04 11:07:58,650 INFO  [ListenerTest] ---Test method Started---ValidLogin 
2018-12-04 11:07:58,752 INFO  [LoginPage] LoginPage constructor is invoked 
2018-12-04 11:07:59,133 INFO  [LoginPage] username is set:Admin 
2018-12-04 11:07:59,436 INFO  [LoginPage] password is set:admin123 
2018-12-04 11:08:00,905 INFO  [LoginPage] button is clicked 
2018-12-04 11:08:01,313 INFO  [ListenerTest] ---Test method Success---ValidLogin 
2018-12-04 11:08:01,791 INFO  [ListenerTest] C:\Users\R.computers\orangehrm1\Screenshots\passed\ValidLogin-2018-12-04-11-08-01.png 
2018-12-04 11:08:01,792 INFO  [ListenerTest] ---Test method Success---ValidLogin 
2018-12-04 11:08:02,232 INFO  [ListenerTest] C:\Users\R.computers\orangehrm1\Screenshots\passed\ValidLogin-2018-12-04-11-08-02.png 
2018-12-04 11:08:02,559 INFO  [TestBase] Driver is closed 
2018-12-04 11:08:05,399 INFO  [TestBase] chrome Browser is invoked 
2018-12-04 11:08:07,408 INFO  [ListenerTest] ---Test method Started---InValidLogin1 
2018-12-04 11:08:07,408 INFO  [ListenerTest] ---Test method Started---InValidLogin1 
2018-12-04 11:08:07,411 INFO  [LoginPage] LoginPage constructor is invoked 
2018-12-04 11:08:07,809 INFO  [LoginPage] username is set:aaa 
2018-12-04 11:08:08,124 INFO  [LoginPage] password is set:asd 
2018-12-04 11:08:08,957 INFO  [LoginPage] button is clicked 
2018-12-04 11:08:09,077 INFO  [LoginPage] Error Message is printed:Invalid credentials 
2018-12-04 11:08:09,111 INFO  [ListenerTest] ---Test method Success---InValidLogin1 
2018-12-04 11:08:09,591 INFO  [ListenerTest] C:\Users\R.computers\orangehrm1\Screenshots\passed\InValidLogin1-2018-12-04-11-08-09.png 
2018-12-04 11:08:09,591 INFO  [ListenerTest] ---Test method Success---InValidLogin1 
2018-12-04 11:08:10,095 INFO  [ListenerTest] C:\Users\R.computers\orangehrm1\Screenshots\passed\InValidLogin1-2018-12-04-11-08-10.png 
2018-12-04 11:08:10,376 INFO  [TestBase] Driver is closed 
2018-12-04 11:08:13,117 INFO  [TestBase] chrome Browser is invoked 
2018-12-04 11:08:15,142 INFO  [ListenerTest] ---Test method Started---PasswordEmpty 
2018-12-04 11:08:15,142 INFO  [ListenerTest] ---Test method Started---PasswordEmpty 
2018-12-04 11:08:15,143 INFO  [LoginPage] LoginPage constructor is invoked 
2018-12-04 11:08:15,608 INFO  [LoginPage] username is set:Admin 
2018-12-04 11:08:15,895 INFO  [LoginPage] password is set: 
2018-12-04 11:08:16,136 INFO  [LoginPage] button is clicked 
2018-12-04 11:08:16,274 INFO  [LoginPage] Error Message is printed:Password cannot be empty 
2018-12-04 11:08:16,309 INFO  [ListenerTest] ---Test method Success---PasswordEmpty 
2018-12-04 11:08:16,812 INFO  [ListenerTest] C:\Users\R.computers\orangehrm1\Screenshots\passed\PasswordEmpty-2018-12-04-11-08-16.png 
2018-12-04 11:08:16,813 INFO  [ListenerTest] ---Test method Success---PasswordEmpty 
2018-12-04 11:08:17,385 INFO  [ListenerTest] C:\Users\R.computers\orangehrm1\Screenshots\passed\PasswordEmpty-2018-12-04-11-08-17.png 
2018-12-04 11:08:17,696 INFO  [TestBase] Driver is closed 
2018-12-04 11:08:20,237 INFO  [TestBase] chrome Browser is invoked 
2018-12-04 11:08:22,311 INFO  [ListenerTest] ---Test method Started---UserNameEmpty 
2018-12-04 11:08:22,311 INFO  [ListenerTest] ---Test method Started---UserNameEmpty 
2018-12-04 11:08:22,314 INFO  [LoginPage] LoginPage constructor is invoked 
2018-12-04 11:08:23,206 INFO  [LoginPage] username is set: 
2018-12-04 11:08:23,549 INFO  [LoginPage] button is clicked 
2018-12-04 11:08:23,660 INFO  [LoginPage] Error Message is printed:Username cannot be empty 
2018-12-04 11:08:23,703 INFO  [ListenerTest] ---Test method Success---UserNameEmpty 
2018-12-04 11:08:24,188 INFO  [ListenerTest] C:\Users\R.computers\orangehrm1\Screenshots\passed\UserNameEmpty-2018-12-04-11-08-24.png 
2018-12-04 11:08:24,189 INFO  [ListenerTest] ---Test method Success---UserNameEmpty 
2018-12-04 11:08:24,620 INFO  [ListenerTest] C:\Users\R.computers\orangehrm1\Screenshots\passed\UserNameEmpty-2018-12-04-11-08-24.png 
2018-12-04 11:08:24,913 INFO  [TestBase] Driver is closed 
2018-12-04 11:08:25,104 INFO  [ListenerTest] ---Suite completed-----Suite 
2018-12-04 11:14:48,175 INFO  [ListenerTest] ----Suite Started---Suite 
2018-12-04 11:14:52,316 INFO  [TestBase] chrome Browser is invoked 
2018-12-04 11:14:54,575 INFO  [ListenerTest] ---Test method Started---ValidLogin 
2018-12-04 11:14:54,575 INFO  [ListenerTest] ---Test method Started---ValidLogin 
2018-12-04 11:14:54,658 INFO  [LoginPage] LoginPage constructor is invoked 
2018-12-04 11:14:55,128 INFO  [LoginPage] username is set:Admin 
2018-12-04 11:14:55,424 INFO  [LoginPage] password is set:admin123 
2018-12-04 11:14:56,629 INFO  [LoginPage] button is clicked 
2018-12-04 11:14:57,130 INFO  [ListenerTest] ---Test method Success---ValidLogin 
2018-12-04 11:14:57,604 INFO  [ListenerTest] C:\Users\R.computers\orangehrm1\Screenshots\passed\ValidLogin-2018-12-04-11-14-57.png 
2018-12-04 11:14:57,604 INFO  [ListenerTest] ---Test method Success---ValidLogin 
2018-12-04 11:14:58,054 INFO  [ListenerTest] C:\Users\R.computers\orangehrm1\Screenshots\passed\ValidLogin-2018-12-04-11-14-58.png 
2018-12-04 11:14:58,516 INFO  [TestBase] Driver is closed 
2018-12-04 11:15:01,441 INFO  [TestBase] chrome Browser is invoked 
2018-12-04 11:15:03,615 INFO  [ListenerTest] ---Test method Started---InValidLogin1 
2018-12-04 11:15:03,616 INFO  [ListenerTest] ---Test method Started---InValidLogin1 
2018-12-04 11:15:03,618 INFO  [LoginPage] LoginPage constructor is invoked 
2018-12-04 11:15:03,951 INFO  [LoginPage] username is set:aaa 
2018-12-04 11:15:04,238 INFO  [LoginPage] password is set:asd 
2018-12-04 11:15:04,724 INFO  [LoginPage] button is clicked 
2018-12-04 11:15:04,836 INFO  [LoginPage] Error Message is printed:Invalid credentials 
2018-12-04 11:15:04,863 INFO  [ListenerTest] ---Test method Success---InValidLogin1 
2018-12-04 11:15:05,326 INFO  [ListenerTest] C:\Users\R.computers\orangehrm1\Screenshots\passed\InValidLogin1-2018-12-04-11-15-05.png 
2018-12-04 11:15:05,327 INFO  [ListenerTest] ---Test method Success---InValidLogin1 
2018-12-04 11:15:05,758 INFO  [ListenerTest] C:\Users\R.computers\orangehrm1\Screenshots\passed\InValidLogin1-2018-12-04-11-15-05.png 
2018-12-04 11:15:06,150 INFO  [TestBase] Driver is closed 
2018-12-04 11:15:08,980 INFO  [TestBase] chrome Browser is invoked 
2018-12-04 11:15:11,027 INFO  [ListenerTest] ---Test method Started---PasswordEmpty 
2018-12-04 11:15:11,027 INFO  [ListenerTest] ---Test method Started---PasswordEmpty 
2018-12-04 11:15:11,029 INFO  [LoginPage] LoginPage constructor is invoked 
2018-12-04 11:15:11,603 INFO  [LoginPage] username is set:Admin 
2018-12-04 11:15:11,855 INFO  [LoginPage] password is set: 
2018-12-04 11:15:12,088 INFO  [LoginPage] button is clicked 
2018-12-04 11:15:12,205 INFO  [LoginPage] Error Message is printed:Password cannot be empty 
2018-12-04 11:15:12,248 INFO  [ListenerTest] ---Test method Success---PasswordEmpty 
2018-12-04 11:15:12,703 INFO  [ListenerTest] C:\Users\R.computers\orangehrm1\Screenshots\passed\PasswordEmpty-2018-12-04-11-15-12.png 
2018-12-04 11:15:12,703 INFO  [ListenerTest] ---Test method Success---PasswordEmpty 
2018-12-04 11:15:13,172 INFO  [ListenerTest] C:\Users\R.computers\orangehrm1\Screenshots\passed\PasswordEmpty-2018-12-04-11-15-13.png 
2018-12-04 11:15:13,522 INFO  [TestBase] Driver is closed 
2018-12-04 11:15:16,033 INFO  [TestBase] chrome Browser is invoked 
2018-12-04 11:15:18,173 INFO  [ListenerTest] ---Test method Started---UserNameEmpty 
2018-12-04 11:15:18,174 INFO  [ListenerTest] ---Test method Started---UserNameEmpty 
2018-12-04 11:15:18,175 INFO  [LoginPage] LoginPage constructor is invoked 
2018-12-04 11:15:18,573 INFO  [LoginPage] username is set: 
2018-12-04 11:15:18,822 INFO  [LoginPage] button is clicked 
2018-12-04 11:15:18,947 INFO  [LoginPage] Error Message is printed:Username cannot be empty 
2018-12-04 11:15:18,979 INFO  [ListenerTest] ---Test method Success---UserNameEmpty 
2018-12-04 11:15:19,470 INFO  [ListenerTest] C:\Users\R.computers\orangehrm1\Screenshots\passed\UserNameEmpty-2018-12-04-11-15-19.png 
2018-12-04 11:15:19,470 INFO  [ListenerTest] ---Test method Success---UserNameEmpty 
2018-12-04 11:15:19,901 INFO  [ListenerTest] C:\Users\R.computers\orangehrm1\Screenshots\passed\UserNameEmpty-2018-12-04-11-15-19.png 
2018-12-04 11:15:20,368 INFO  [TestBase] Driver is closed 
2018-12-04 11:15:20,429 INFO  [ListenerTest] ---Suite completed-----Suite 
2018-12-04 11:20:55,229 INFO  [ListenerTest] ----Suite Started---Suite 
2018-12-04 11:20:59,287 INFO  [TestBase] chrome Browser is invoked 
2018-12-04 11:21:01,378 INFO  [ListenerTest] ---Test method Started---ValidLogin 
2018-12-04 11:21:01,378 INFO  [ListenerTest] ---Test method Started---ValidLogin 
2018-12-04 11:21:01,452 INFO  [LoginPage] LoginPage constructor is invoked 
2018-12-04 11:21:01,840 INFO  [LoginPage] username is set:Admin 
2018-12-04 11:21:02,151 INFO  [LoginPage] password is set:admin123 
2018-12-04 11:21:03,359 INFO  [LoginPage] button is clicked 
2018-12-04 11:21:03,816 INFO  [ListenerTest] ---Test method Success---ValidLogin 
2018-12-04 11:21:04,322 INFO  [ListenerTest] C:\Users\R.computers\orangehrm1\Screenshots\passed\ValidLogin-2018-12-04-11-21-04.png 
2018-12-04 11:21:04,322 INFO  [ListenerTest] ---Test method Success---ValidLogin 
2018-12-04 11:21:04,797 INFO  [ListenerTest] C:\Users\R.computers\orangehrm1\Screenshots\passed\ValidLogin-2018-12-04-11-21-04.png 
2018-12-04 11:21:05,136 INFO  [TestBase] Driver is closed 
2018-12-04 11:21:07,965 INFO  [TestBase] chrome Browser is invoked 
2018-12-04 11:21:10,021 INFO  [ListenerTest] ---Test method Started---InValidLogin1 
2018-12-04 11:21:10,022 INFO  [ListenerTest] ---Test method Started---InValidLogin1 
2018-12-04 11:21:10,027 INFO  [LoginPage] LoginPage constructor is invoked 
2018-12-04 11:21:10,375 INFO  [LoginPage] username is set:aaa 
2018-12-04 11:21:10,624 INFO  [LoginPage] password is set:asd 
2018-12-04 11:21:11,053 INFO  [LoginPage] button is clicked 
2018-12-04 11:21:11,168 INFO  [LoginPage] Error Message is printed:Invalid credentials 
2018-12-04 11:21:11,195 INFO  [ListenerTest] ---Test method Success---InValidLogin1 
2018-12-04 11:21:11,654 INFO  [ListenerTest] C:\Users\R.computers\orangehrm1\Screenshots\passed\InValidLogin1-2018-12-04-11-21-11.png 
2018-12-04 11:21:11,655 INFO  [ListenerTest] ---Test method Success---InValidLogin1 
2018-12-04 11:21:12,145 INFO  [ListenerTest] C:\Users\R.computers\orangehrm1\Screenshots\passed\InValidLogin1-2018-12-04-11-21-12.png 
2018-12-04 11:21:12,531 INFO  [TestBase] Driver is closed 
2018-12-04 11:21:15,063 INFO  [TestBase] chrome Browser is invoked 
2018-12-04 11:21:17,196 INFO  [ListenerTest] ---Test method Started---PasswordEmpty 
2018-12-04 11:21:17,197 INFO  [ListenerTest] ---Test method Started---PasswordEmpty 
2018-12-04 11:21:17,198 INFO  [LoginPage] LoginPage constructor is invoked 
2018-12-04 11:21:17,580 INFO  [LoginPage] username is set:Admin 
2018-12-04 11:21:17,841 INFO  [LoginPage] password is set: 
2018-12-04 11:21:18,084 INFO  [LoginPage] button is clicked 
2018-12-04 11:21:18,196 INFO  [LoginPage] Error Message is printed:Password cannot be empty 
2018-12-04 11:21:18,219 INFO  [ListenerTest] ---Test method Success---PasswordEmpty 
2018-12-04 11:21:18,669 INFO  [ListenerTest] C:\Users\R.computers\orangehrm1\Screenshots\passed\PasswordEmpty-2018-12-04-11-21-18.png 
2018-12-04 11:21:18,669 INFO  [ListenerTest] ---Test method Success---PasswordEmpty 
2018-12-04 11:21:19,113 INFO  [ListenerTest] C:\Users\R.computers\orangehrm1\Screenshots\passed\PasswordEmpty-2018-12-04-11-21-19.png 
2018-12-04 11:21:19,422 INFO  [TestBase] Driver is closed 
2018-12-04 11:21:22,054 INFO  [TestBase] chrome Browser is invoked 
2018-12-04 11:21:24,306 INFO  [ListenerTest] ---Test method Started---UserNameEmpty 
2018-12-04 11:21:24,307 INFO  [ListenerTest] ---Test method Started---UserNameEmpty 
2018-12-04 11:21:24,309 INFO  [LoginPage] LoginPage constructor is invoked 
2018-12-04 11:21:24,554 INFO  [LoginPage] username is set: 
2018-12-04 11:21:24,772 INFO  [LoginPage] button is clicked 
2018-12-04 11:21:24,874 INFO  [LoginPage] Error Message is printed:Username cannot be empty 
2018-12-04 11:21:24,912 INFO  [ListenerTest] ---Test method Success---UserNameEmpty 
2018-12-04 11:21:25,361 INFO  [ListenerTest] C:\Users\R.computers\orangehrm1\Screenshots\passed\UserNameEmpty-2018-12-04-11-21-25.png 
2018-12-04 11:21:25,362 INFO  [ListenerTest] ---Test method Success---UserNameEmpty 
2018-12-04 11:21:25,776 INFO  [ListenerTest] C:\Users\R.computers\orangehrm1\Screenshots\passed\UserNameEmpty-2018-12-04-11-21-25.png 
2018-12-04 11:21:26,308 INFO  [TestBase] Driver is closed 
2018-12-04 11:21:26,376 INFO  [ListenerTest] ---Suite completed-----Suite 
